<?xml version="1.0" encoding="UTF-8"?>
<!-- Generated by org.testng.reporters.JUnitReportReporter -->
<testsuite skipped="0" hostname="AUTOCAD" name="FirstMavenProject.Maven1.BrowserTest" tests="1" failures="0" timestamp="23 Jun 2020 12:10:38 GMT" time="0.008" errors="0">
  <testcase name="testbrowser" time="0.008" classname="FirstMavenProject.Maven1.BrowserTest"/>
</testsuite> <!-- FirstMavenProject.Maven1.BrowserTest -->
