<?xml version="1.0" encoding="UTF-8"?>
<!-- Generated by org.testng.reporters.JUnitReportReporter -->
<testsuite skipped="0" hostname="AUTOCAD" name="FirstMavenProject.Maven1.BrowserTest2" tests="1" failures="0" timestamp="23 Jun 2020 12:10:38 GMT" time="0.020" errors="0">
  <testcase name="testbrowser" time="0.020" classname="FirstMavenProject.Maven1.BrowserTest2"/>
</testsuite> <!-- FirstMavenProject.Maven1.BrowserTest2 -->
