<?xml version="1.0" encoding="UTF-8"?>
<!-- Generated by org.testng.reporters.JUnitReportReporter -->
<testsuite skipped="0" hostname="AUTOCAD" name="FirstMavenProject.Maven1.BrowserTest2" tests="1" failures="0" timestamp="2020-06-23T18:17:36 IST" time="0.001" errors="0">
  <testcase name="testbrowser" time="0.001" classname="FirstMavenProject.Maven1.BrowserTest2"/>
  <system-out/>
</testsuite> <!-- FirstMavenProject.Maven1.BrowserTest2 -->
