<?xml version="1.0" encoding="UTF-8"?>
<!-- Generated by org.testng.reporters.JUnitReportReporter -->
<testsuite skipped="0" hostname="AUTOCAD" name="FirstMavenProject.Maven1.BrowserTest" tests="1" failures="0" timestamp="2020-06-24T11:45:03 IST" time="0.012" errors="0">
  <testcase name="testbrowser" time="0.012" classname="FirstMavenProject.Maven1.BrowserTest"/>
  <system-out/>
</testsuite> <!-- FirstMavenProject.Maven1.BrowserTest -->
